<?xml version="1.0" encoding="UTF-8"?>
<testsuite xmlns:xsi="http://www.w3.org/2001/XMLSchema-instance" xsi:schemaLocation="https://maven.apache.org/surefire/maven-surefire-plugin/xsd/surefire-test-report.xsd" name="org.apache.camel.component.http.HttpGetWithHeadersTest" time="0" tests="1" errors="0" skipped="1" failures="0">
  <properties>
[...]
</properties>
  <testcase name="testHttpGet" classname="org.apache.camel.component.http.HttpGetWithHeadersTest" time="0">
    <skipped message="ignore online tests"/>
  </testcase>
</testsuite>